----------------------------------------------------------------
Sat Oct 12 19:59:42 PDT 2019:
Booting Derby version The Apache Software Foundation - Apache Derby - 10.14.2.0 - (1828579): instance a816c00e-016d-c30e-ad89-00000e6d8388 
on database directory memory:C:\Users\amzer\Desktop\forumApp\ForumServer\testdb with class loader sun.misc.Launcher$AppClassLoader@764c12b6 
Loaded from file:/C:/Users/amzer/.m2/repository/org/apache/derby/derby/10.14.2.0/derby-10.14.2.0.jar
java.vendor=Oracle Corporation
java.runtime.version=1.8.0_201-b09
user.dir=c:\Users\amzer\Desktop\forumApp\ForumServer
os.name=Windows 10
os.arch=amd64
os.version=10.0
derby.system.home=null
Database Class Loader started - derby.database.classpath=''
----------------------------------------------------------------
Sat Oct 12 20:00:33 PDT 2019:
Shutting down instance a816c00e-016d-c30e-ad89-00000e6d8388 on database directory memory:C:\Users\amzer\Desktop\forumApp\ForumServer\testdb with class loader sun.misc.Launcher$AppClassLoader@764c12b6 
----------------------------------------------------------------
Sat Oct 12 20:00:35 PDT 2019:
Booting Derby version The Apache Software Foundation - Apache Derby - 10.14.2.0 - (1828579): instance 89e800c0-016d-c30e-ad89-00000e6d8388 
on database directory memory:C:\Users\amzer\Desktop\forumApp\ForumServer\testdb with class loader sun.misc.Launcher$AppClassLoader@764c12b6 
Loaded from file:/C:/Users/amzer/.m2/repository/org/apache/derby/derby/10.14.2.0/derby-10.14.2.0.jar
java.vendor=Oracle Corporation
java.runtime.version=1.8.0_201-b09
user.dir=c:\Users\amzer\Desktop\forumApp\ForumServer
os.name=Windows 10
os.arch=amd64
os.version=10.0
derby.system.home=null
Database Class Loader started - derby.database.classpath=''
----------------------------------------------------------------
Sat Oct 12 20:00:40 PDT 2019:
Shutting down instance 89e800c0-016d-c30e-ad89-00000e6d8388 on database directory memory:C:\Users\amzer\Desktop\forumApp\ForumServer\testdb with class loader sun.misc.Launcher$AppClassLoader@764c12b6 
----------------------------------------------------------------
Sat Oct 12 20:00:42 PDT 2019:
Booting Derby version The Apache Software Foundation - Apache Derby - 10.14.2.0 - (1828579): instance 4aaa4172-016d-c30e-ad89-00000e6d8388 
on database directory memory:C:\Users\amzer\Desktop\forumApp\ForumServer\testdb with class loader sun.misc.Launcher$AppClassLoader@764c12b6 
Loaded from file:/C:/Users/amzer/.m2/repository/org/apache/derby/derby/10.14.2.0/derby-10.14.2.0.jar
java.vendor=Oracle Corporation
java.runtime.version=1.8.0_201-b09
user.dir=c:\Users\amzer\Desktop\forumApp\ForumServer
os.name=Windows 10
os.arch=amd64
os.version=10.0
derby.system.home=null
Database Class Loader started - derby.database.classpath=''
----------------------------------------------------------------
Sat Oct 12 20:00:52 PDT 2019:
Shutting down instance 4aaa4172-016d-c30e-ad89-00000e6d8388 on database directory memory:C:\Users\amzer\Desktop\forumApp\ForumServer\testdb with class loader sun.misc.Launcher$AppClassLoader@764c12b6 
----------------------------------------------------------------
Sat Oct 12 20:00:54 PDT 2019:
Booting Derby version The Apache Software Foundation - Apache Derby - 10.14.2.0 - (1828579): instance 6a5d8224-016d-c30e-ad89-00000e6d8388 
on database directory memory:C:\Users\amzer\Desktop\forumApp\ForumServer\testdb with class loader sun.misc.Launcher$AppClassLoader@764c12b6 
Loaded from file:/C:/Users/amzer/.m2/repository/org/apache/derby/derby/10.14.2.0/derby-10.14.2.0.jar
java.vendor=Oracle Corporation
java.runtime.version=1.8.0_201-b09
user.dir=c:\Users\amzer\Desktop\forumApp\ForumServer
os.name=Windows 10
os.arch=amd64
os.version=10.0
derby.system.home=null
Database Class Loader started - derby.database.classpath=''
----------------------------------------------------------------
Sat Oct 12 20:02:07 PDT 2019:
Shutting down instance 6a5d8224-016d-c30e-ad89-00000e6d8388 on database directory memory:C:\Users\amzer\Desktop\forumApp\ForumServer\testdb with class loader sun.misc.Launcher$AppClassLoader@764c12b6 
----------------------------------------------------------------
Sat Oct 12 20:02:08 PDT 2019:
Booting Derby version The Apache Software Foundation - Apache Derby - 10.14.2.0 - (1828579): instance 6901c2d6-016d-c30e-ad89-00000e6d8388 
on database directory memory:C:\Users\amzer\Desktop\forumApp\ForumServer\testdb with class loader sun.misc.Launcher$AppClassLoader@764c12b6 
Loaded from file:/C:/Users/amzer/.m2/repository/org/apache/derby/derby/10.14.2.0/derby-10.14.2.0.jar
java.vendor=Oracle Corporation
java.runtime.version=1.8.0_201-b09
user.dir=c:\Users\amzer\Desktop\forumApp\ForumServer
os.name=Windows 10
os.arch=amd64
os.version=10.0
derby.system.home=null
Database Class Loader started - derby.database.classpath=''
----------------------------------------------------------------
Sat Oct 12 20:02:11 PDT 2019:
Shutting down instance 6901c2d6-016d-c30e-ad89-00000e6d8388 on database directory memory:C:\Users\amzer\Desktop\forumApp\ForumServer\testdb with class loader sun.misc.Launcher$AppClassLoader@764c12b6 
----------------------------------------------------------------
Sat Oct 12 20:02:12 PDT 2019:
Booting Derby version The Apache Software Foundation - Apache Derby - 10.14.2.0 - (1828579): instance c6970388-016d-c30e-ad89-00000e6d8388 
on database directory memory:C:\Users\amzer\Desktop\forumApp\ForumServer\testdb with class loader sun.misc.Launcher$AppClassLoader@764c12b6 
Loaded from file:/C:/Users/amzer/.m2/repository/org/apache/derby/derby/10.14.2.0/derby-10.14.2.0.jar
java.vendor=Oracle Corporation
java.runtime.version=1.8.0_201-b09
user.dir=c:\Users\amzer\Desktop\forumApp\ForumServer
os.name=Windows 10
os.arch=amd64
os.version=10.0
derby.system.home=null
Database Class Loader started - derby.database.classpath=''
----------------------------------------------------------------
Sat Oct 12 20:02:28 PDT 2019:
Shutting down instance c6970388-016d-c30e-ad89-00000e6d8388 on database directory memory:C:\Users\amzer\Desktop\forumApp\ForumServer\testdb with class loader sun.misc.Launcher$AppClassLoader@764c12b6 
----------------------------------------------------------------
Sat Oct 12 20:02:30 PDT 2019:
Booting Derby version The Apache Software Foundation - Apache Derby - 10.14.2.0 - (1828579): instance 031d443a-016d-c30e-ad89-00000e6d8388 
on database directory memory:C:\Users\amzer\Desktop\forumApp\ForumServer\testdb with class loader sun.misc.Launcher$AppClassLoader@764c12b6 
Loaded from file:/C:/Users/amzer/.m2/repository/org/apache/derby/derby/10.14.2.0/derby-10.14.2.0.jar
java.vendor=Oracle Corporation
java.runtime.version=1.8.0_201-b09
user.dir=c:\Users\amzer\Desktop\forumApp\ForumServer
os.name=Windows 10
os.arch=amd64
os.version=10.0
derby.system.home=null
Database Class Loader started - derby.database.classpath=''
----------------------------------------------------------------
Sat Oct 12 20:02:30 PDT 2019:
Shutting down instance 031d443a-016d-c30e-ad89-00000e6d8388 on database directory memory:C:\Users\amzer\Desktop\forumApp\ForumServer\testdb with class loader sun.misc.Launcher$AppClassLoader@764c12b6 
----------------------------------------------------------------
Sat Oct 12 20:02:38 PDT 2019:
Booting Derby version The Apache Software Foundation - Apache Derby - 10.14.2.0 - (1828579): instance 9e9484ec-016d-c30e-ad89-00000e6d8388 
on database directory memory:C:\Users\amzer\Desktop\forumApp\ForumServer\testdb with class loader sun.misc.Launcher$AppClassLoader@764c12b6 
Loaded from file:/C:/Users/amzer/.m2/repository/org/apache/derby/derby/10.14.2.0/derby-10.14.2.0.jar
java.vendor=Oracle Corporation
java.runtime.version=1.8.0_201-b09
user.dir=c:\Users\amzer\Desktop\forumApp\ForumServer
os.name=Windows 10
os.arch=amd64
os.version=10.0
derby.system.home=null
Database Class Loader started - derby.database.classpath=''
----------------------------------------------------------------
Sat Oct 12 20:02:38 PDT 2019:
Shutting down instance 9e9484ec-016d-c30e-ad89-00000e6d8388 on database directory memory:C:\Users\amzer\Desktop\forumApp\ForumServer\testdb with class loader sun.misc.Launcher$AppClassLoader@764c12b6 
----------------------------------------------------------------
Sat Oct 12 20:02:38 PDT 2019:
Booting Derby version The Apache Software Foundation - Apache Derby - 10.14.2.0 - (1828579): instance 18fcc59e-016d-c30e-ad89-00000e6d8388 
on database directory memory:C:\Users\amzer\Desktop\forumApp\ForumServer\testdb with class loader sun.misc.Launcher$AppClassLoader@764c12b6 
Loaded from file:/C:/Users/amzer/.m2/repository/org/apache/derby/derby/10.14.2.0/derby-10.14.2.0.jar
java.vendor=Oracle Corporation
java.runtime.version=1.8.0_201-b09
user.dir=c:\Users\amzer\Desktop\forumApp\ForumServer
os.name=Windows 10
os.arch=amd64
os.version=10.0
derby.system.home=null
Database Class Loader started - derby.database.classpath=''
New exception raised during cleanup -1
java.lang.ArrayIndexOutOfBoundsException: -1
	at java.util.ArrayList.elementData(ArrayList.java:422)
	at java.util.ArrayList.remove(ArrayList.java:499)
	at org.apache.derby.iapi.services.context.ContextManager.popContext(Unknown Source)
	at org.apache.derby.iapi.services.context.ContextImpl.popMe(Unknown Source)
	at org.apache.derby.impl.store.access.RAMTransaction.destroy(Unknown Source)
	at org.apache.derby.impl.sql.conn.GenericLanguageConnectionContext.doRollback(Unknown Source)
	at org.apache.derby.impl.sql.conn.GenericLanguageConnectionContext.internalRollback(Unknown Source)
	at org.apache.derby.impl.sql.conn.GenericLanguageConnectionContext.cleanupOnError(Unknown Source)
	at org.apache.derby.iapi.services.context.ContextManager.cleanupOnError(Unknown Source)
	at org.apache.derby.impl.jdbc.TransactionResourceImpl.cleanupOnError(Unknown Source)
	at org.apache.derby.impl.jdbc.TransactionResourceImpl.handleException(Unknown Source)
	at org.apache.derby.impl.jdbc.EmbedConnection.handleException(Unknown Source)
	at org.apache.derby.impl.jdbc.ConnectionChild.handleException(Unknown Source)
	at org.apache.derby.impl.jdbc.EmbedDatabaseMetaData.getPreparedQueryUsingSystemTables(Unknown Source)
	at org.apache.derby.impl.jdbc.EmbedDatabaseMetaData.getPreparedQuery(Unknown Source)
	at org.apache.derby.impl.jdbc.EmbedDatabaseMetaData.getPreparedQuery(Unknown Source)
	at org.apache.derby.impl.jdbc.EmbedDatabaseMetaData.getTypeInfoMinion(Unknown Source)
	at org.apache.derby.impl.jdbc.EmbedDatabaseMetaData.getTypeInfo(Unknown Source)
	at org.hibernate.engine.jdbc.spi.TypeInfo.extractTypeInfo(TypeInfo.java:84)
	at org.hibernate.engine.jdbc.env.internal.ExtractedDatabaseMetaDataImpl$Builder.apply(ExtractedDatabaseMetaDataImpl.java:194)
	at org.hibernate.engine.jdbc.env.internal.JdbcEnvironmentImpl.<init>(JdbcEnvironmentImpl.java:231)
	at org.hibernate.engine.jdbc.env.internal.JdbcEnvironmentInitiator.initiateService(JdbcEnvironmentInitiator.java:114)
	at org.hibernate.engine.jdbc.env.internal.JdbcEnvironmentInitiator.initiateService(JdbcEnvironmentInitiator.java:35)
	at org.hibernate.boot.registry.internal.StandardServiceRegistryImpl.initiateService(StandardServiceRegistryImpl.java:94)
	at org.hibernate.service.internal.AbstractServiceRegistryImpl.createService(AbstractServiceRegistryImpl.java:263)
	at org.hibernate.service.internal.AbstractServiceRegistryImpl.initializeService(AbstractServiceRegistryImpl.java:237)
	at org.hibernate.service.internal.AbstractServiceRegistryImpl.getService(AbstractServiceRegistryImpl.java:214)
	at org.hibernate.id.factory.internal.DefaultIdentifierGeneratorFactory.injectServices(DefaultIdentifierGeneratorFactory.java:152)
	at org.hibernate.service.internal.AbstractServiceRegistryImpl.injectDependencies(AbstractServiceRegistryImpl.java:286)
	at org.hibernate.service.internal.AbstractServiceRegistryImpl.initializeService(AbstractServiceRegistryImpl.java:243)
	at org.hibernate.service.internal.AbstractServiceRegistryImpl.getService(AbstractServiceRegistryImpl.java:214)
	at org.hibernate.boot.internal.InFlightMetadataCollectorImpl.<init>(InFlightMetadataCollectorImpl.java:179)
	at org.hibernate.boot.model.process.spi.MetadataBuildingProcess.complete(MetadataBuildingProcess.java:119)
	at org.hibernate.jpa.boot.internal.EntityManagerFactoryBuilderImpl.metadata(EntityManagerFactoryBuilderImpl.java:904)
	at org.hibernate.jpa.boot.internal.EntityManagerFactoryBuilderImpl.build(EntityManagerFactoryBuilderImpl.java:935)
	at org.springframework.orm.jpa.vendor.SpringHibernateJpaPersistenceProvider.createContainerEntityManagerFactory(SpringHibernateJpaPersistenceProvider.java:58)
	at org.springframework.orm.jpa.LocalContainerEntityManagerFactoryBean.createNativeEntityManagerFactory(LocalContainerEntityManagerFactoryBean.java:365)
	at org.springframework.orm.jpa.AbstractEntityManagerFactoryBean.buildNativeEntityManagerFactory(AbstractEntityManagerFactoryBean.java:391)
	at org.springframework.orm.jpa.AbstractEntityManagerFactoryBean.afterPropertiesSet(AbstractEntityManagerFactoryBean.java:378)
	at org.springframework.orm.jpa.LocalContainerEntityManagerFactoryBean.afterPropertiesSet(LocalContainerEntityManagerFactoryBean.java:341)
	at org.springframework.beans.factory.support.AbstractAutowireCapableBeanFactory.invokeInitMethods(AbstractAutowireCapableBeanFactory.java:1837)
	at org.springframework.beans.factory.support.AbstractAutowireCapableBeanFactory.initializeBean(AbstractAutowireCapableBeanFactory.java:1774)
	at org.springframework.beans.factory.support.AbstractAutowireCapableBeanFactory.doCreateBean(AbstractAutowireCapableBeanFactory.java:593)
	at org.springframework.beans.factory.support.AbstractAutowireCapableBeanFactory.createBean(AbstractAutowireCapableBeanFactory.java:515)
	at org.springframework.beans.factory.support.AbstractBeanFactory.lambda$doGetBean$0(AbstractBeanFactory.java:320)
	at org.springframework.beans.factory.support.DefaultSingletonBeanRegistry.getSingleton(DefaultSingletonBeanRegistry.java:222)
	at org.springframework.beans.factory.support.AbstractBeanFactory.doGetBean(AbstractBeanFactory.java:318)
	at org.springframework.beans.factory.support.AbstractBeanFactory.getBean(AbstractBeanFactory.java:199)
	at org.springframework.context.support.AbstractApplicationContext.getBean(AbstractApplicationContext.java:1105)
	at org.springframework.context.support.AbstractApplicationContext.finishBeanFactoryInitialization(AbstractApplicationContext.java:867)
	at org.springframework.context.support.AbstractApplicationContext.refresh(AbstractApplicationContext.java:549)
	at org.springframework.boot.web.servlet.context.ServletWebServerApplicationContext.refresh(ServletWebServerApplicationContext.java:141)
	at org.springframework.boot.SpringApplication.refresh(SpringApplication.java:744)
	at org.springframework.boot.SpringApplication.refreshContext(SpringApplication.java:391)
	at org.springframework.boot.SpringApplication.run(SpringApplication.java:312)
	at org.springframework.boot.SpringApplication.run(SpringApplication.java:1215)
	at org.springframework.boot.SpringApplication.run(SpringApplication.java:1204)
	at com.ForumServer.ForumServerApplication.main(ForumServerApplication.java:10)
	at sun.reflect.NativeMethodAccessorImpl.invoke0(Native Method)
	at sun.reflect.NativeMethodAccessorImpl.invoke(NativeMethodAccessorImpl.java:62)
	at sun.reflect.DelegatingMethodAccessorImpl.invoke(DelegatingMethodAccessorImpl.java:43)
	at java.lang.reflect.Method.invoke(Method.java:498)
	at org.springframework.boot.devtools.restart.RestartLauncher.run(RestartLauncher.java:49)
Cleanup action completed
New exception raised during cleanup null
java.lang.NullPointerException
	at org.apache.derby.impl.io.vfmem.BlockedByteArray.increaseCapacity(Unknown Source)
	at org.apache.derby.impl.io.vfmem.BlockedByteArray.writeBytes(Unknown Source)
	at org.apache.derby.impl.io.vfmem.BlockedByteArrayOutputStream.write(Unknown Source)
	at java.io.DataOutputStream.write(DataOutputStream.java:107)
	at org.apache.derby.impl.io.vfmem.VirtualRandomAccessFile.write(Unknown Source)
	at org.apache.derby.impl.store.raw.log.LogAccessFile.writeToLog(Unknown Source)
	at org.apache.derby.impl.store.raw.log.LogAccessFile.flushDirtyBuffers(Unknown Source)
	at org.apache.derby.impl.store.raw.log.LogToFile.flush(Unknown Source)
	at org.apache.derby.impl.store.raw.log.LogToFile.flush(Unknown Source)
	at org.apache.derby.impl.store.raw.log.LogToFile.checkpointWithTran(Unknown Source)
	at org.apache.derby.impl.store.raw.log.LogToFile.checkpoint(Unknown Source)
	at org.apache.derby.impl.store.raw.RawStore.stop(Unknown Source)
	at org.apache.derby.impl.services.monitor.TopService.stop(Unknown Source)
	at org.apache.derby.impl.services.monitor.TopService.shutdown(Unknown Source)
	at org.apache.derby.impl.services.monitor.BaseMonitor.shutdown(Unknown Source)
	at org.apache.derby.impl.services.monitor.FileMonitor.shutdown(Unknown Source)
	at org.apache.derby.impl.db.DatabaseContextImpl.cleanupOnError(Unknown Source)
	at org.apache.derby.iapi.services.context.ContextManager.cleanupOnError(Unknown Source)
	at org.apache.derby.impl.jdbc.TransactionResourceImpl.cleanupOnError(Unknown Source)
	at org.apache.derby.impl.jdbc.TransactionResourceImpl.handleException(Unknown Source)
	at org.apache.derby.impl.jdbc.EmbedConnection.handleException(Unknown Source)
	at org.apache.derby.impl.jdbc.EmbedConnection.<init>(Unknown Source)
	at org.apache.derby.jdbc.InternalDriver$1.run(Unknown Source)
	at org.apache.derby.jdbc.InternalDriver$1.run(Unknown Source)
	at java.security.AccessController.doPrivileged(Native Method)
	at org.apache.derby.jdbc.InternalDriver.getNewEmbedConnection(Unknown Source)
	at org.apache.derby.jdbc.InternalDriver$LoginCallable.call(Unknown Source)
	at org.apache.derby.jdbc.InternalDriver$LoginCallable.call(Unknown Source)
	at java.util.concurrent.FutureTask.run(FutureTask.java:266)
	at java.util.concurrent.ThreadPoolExecutor.runWorker(ThreadPoolExecutor.java:1149)
	at java.util.concurrent.ThreadPoolExecutor$Worker.run(ThreadPoolExecutor.java:624)
	at java.lang.Thread.run(Thread.java:748)
Cleanup action completed
Sat Oct 12 20:02:46 PDT 2019 Thread[Thread-150,5,main] Cleanup action starting
ERROR XBM0I: Directory memory:C:\Users\amzer\Desktop\forumApp\ForumServer\testdb cannot be removed.
	at org.apache.derby.iapi.error.StandardException.newException(Unknown Source)
	at org.apache.derby.iapi.error.StandardException.newException(Unknown Source)
	at org.apache.derby.impl.services.monitor.BaseMonitor.removePersistentService(Unknown Source)
	at org.apache.derby.impl.services.monitor.FileMonitor.removePersistentService(Unknown Source)
	at org.apache.derby.iapi.services.monitor.Monitor.removePersistentService(Unknown Source)
	at org.apache.derby.impl.jdbc.EmbedConnection$6.run(Unknown Source)
	at java.security.AccessController.doPrivileged(Native Method)
	at org.apache.derby.impl.jdbc.EmbedConnection.removePersistentService(Unknown Source)
	at org.apache.derby.impl.jdbc.EmbedConnection.<init>(Unknown Source)
	at org.apache.derby.jdbc.InternalDriver$1.run(Unknown Source)
	at org.apache.derby.jdbc.InternalDriver$1.run(Unknown Source)
	at java.security.AccessController.doPrivileged(Native Method)
	at org.apache.derby.jdbc.InternalDriver.getNewEmbedConnection(Unknown Source)
	at org.apache.derby.jdbc.InternalDriver$LoginCallable.call(Unknown Source)
	at org.apache.derby.jdbc.InternalDriver$LoginCallable.call(Unknown Source)
	at java.util.concurrent.FutureTask.run(FutureTask.java:266)
	at java.util.concurrent.ThreadPoolExecutor.runWorker(ThreadPoolExecutor.java:1149)
	at java.util.concurrent.ThreadPoolExecutor$Worker.run(ThreadPoolExecutor.java:624)
	at java.lang.Thread.run(Thread.java:748)
Cleanup action completed
Sat Oct 12 20:02:46 PDT 2019 Thread[Thread-150,5,main] Cleanup action starting
ERROR XBM0I: Directory memory:C:\Users\amzer\Desktop\forumApp\ForumServer\testdb cannot be removed.
	at org.apache.derby.iapi.error.StandardException.newException(Unknown Source)
	at org.apache.derby.iapi.error.StandardException.newException(Unknown Source)
	at org.apache.derby.impl.services.monitor.BaseMonitor.removePersistentService(Unknown Source)
	at org.apache.derby.impl.services.monitor.FileMonitor.removePersistentService(Unknown Source)
	at org.apache.derby.iapi.services.monitor.Monitor.removePersistentService(Unknown Source)
	at org.apache.derby.impl.jdbc.EmbedConnection$6.run(Unknown Source)
	at java.security.AccessController.doPrivileged(Native Method)
	at org.apache.derby.impl.jdbc.EmbedConnection.removePersistentService(Unknown Source)
	at org.apache.derby.impl.jdbc.EmbedConnection.<init>(Unknown Source)
	at org.apache.derby.jdbc.InternalDriver$1.run(Unknown Source)
	at org.apache.derby.jdbc.InternalDriver$1.run(Unknown Source)
	at java.security.AccessController.doPrivileged(Native Method)
	at org.apache.derby.jdbc.InternalDriver.getNewEmbedConnection(Unknown Source)
	at org.apache.derby.jdbc.InternalDriver$LoginCallable.call(Unknown Source)
	at org.apache.derby.jdbc.InternalDriver$LoginCallable.call(Unknown Source)
	at java.util.concurrent.FutureTask.run(FutureTask.java:266)
	at java.util.concurrent.ThreadPoolExecutor.runWorker(ThreadPoolExecutor.java:1149)
	at java.util.concurrent.ThreadPoolExecutor$Worker.run(ThreadPoolExecutor.java:624)
	at java.lang.Thread.run(Thread.java:748)
Cleanup action completed
----------------------------------------------------------------
Sat Oct 12 20:02:50 PDT 2019:
Booting Derby version The Apache Software Foundation - Apache Derby - 10.14.2.0 - (1828579): instance 007d05a9-016d-c30e-ad89-00000e6d8388 
on database directory memory:C:\Users\amzer\Desktop\forumApp\ForumServer\testdb with class loader sun.misc.Launcher$AppClassLoader@764c12b6 
Loaded from file:/C:/Users/amzer/.m2/repository/org/apache/derby/derby/10.14.2.0/derby-10.14.2.0.jar
java.vendor=Oracle Corporation
java.runtime.version=1.8.0_201-b09
user.dir=c:\Users\amzer\Desktop\forumApp\ForumServer
os.name=Windows 10
os.arch=amd64
os.version=10.0
derby.system.home=null
Database Class Loader started - derby.database.classpath=''
----------------------------------------------------------------
Sat Oct 12 20:02:50 PDT 2019:
Shutting down instance 007d05a9-016d-c30e-ad89-00000e6d8388 on database directory memory:C:\Users\amzer\Desktop\forumApp\ForumServer\testdb with class loader sun.misc.Launcher$AppClassLoader@764c12b6 
----------------------------------------------------------------
Sat Oct 12 20:02:50 PDT 2019:
Booting Derby version The Apache Software Foundation - Apache Derby - 10.14.2.0 - (1828579): instance 2bbfc65b-016d-c30e-ad89-00000e6d8388 
on database directory memory:C:\Users\amzer\Desktop\forumApp\ForumServer\testdb with class loader sun.misc.Launcher$AppClassLoader@764c12b6 
Loaded from file:/C:/Users/amzer/.m2/repository/org/apache/derby/derby/10.14.2.0/derby-10.14.2.0.jar
java.vendor=Oracle Corporation
java.runtime.version=1.8.0_201-b09
user.dir=c:\Users\amzer\Desktop\forumApp\ForumServer
os.name=Windows 10
os.arch=amd64
os.version=10.0
derby.system.home=null
Database Class Loader started - derby.database.classpath=''
New exception raised during cleanup null
java.lang.ArrayIndexOutOfBoundsException
Cleanup action completed
New exception raised during cleanup null
java.lang.NullPointerException
	at org.apache.derby.impl.io.vfmem.BlockedByteArray.increaseCapacity(Unknown Source)
	at org.apache.derby.impl.io.vfmem.BlockedByteArray.writeBytes(Unknown Source)
	at org.apache.derby.impl.io.vfmem.BlockedByteArrayOutputStream.write(Unknown Source)
	at java.io.DataOutputStream.write(DataOutputStream.java:107)
	at org.apache.derby.impl.io.vfmem.VirtualRandomAccessFile.write(Unknown Source)
	at org.apache.derby.impl.store.raw.log.LogAccessFile.writeToLog(Unknown Source)
	at org.apache.derby.impl.store.raw.log.LogAccessFile.flushDirtyBuffers(Unknown Source)
	at org.apache.derby.impl.store.raw.log.LogToFile.flush(Unknown Source)
	at org.apache.derby.impl.store.raw.log.LogToFile.flush(Unknown Source)
	at org.apache.derby.impl.store.raw.log.LogToFile.checkpointWithTran(Unknown Source)
	at org.apache.derby.impl.store.raw.log.LogToFile.checkpoint(Unknown Source)
	at org.apache.derby.impl.store.raw.RawStore.stop(Unknown Source)
	at org.apache.derby.impl.services.monitor.TopService.stop(Unknown Source)
	at org.apache.derby.impl.services.monitor.TopService.shutdown(Unknown Source)
	at org.apache.derby.impl.services.monitor.BaseMonitor.shutdown(Unknown Source)
	at org.apache.derby.impl.services.monitor.FileMonitor.shutdown(Unknown Source)
	at org.apache.derby.impl.db.DatabaseContextImpl.cleanupOnError(Unknown Source)
	at org.apache.derby.iapi.services.context.ContextManager.cleanupOnError(Unknown Source)
	at org.apache.derby.impl.jdbc.TransactionResourceImpl.cleanupOnError(Unknown Source)
	at org.apache.derby.impl.jdbc.TransactionResourceImpl.handleException(Unknown Source)
	at org.apache.derby.impl.jdbc.EmbedConnection.handleException(Unknown Source)
	at org.apache.derby.impl.jdbc.EmbedConnection.<init>(Unknown Source)
	at org.apache.derby.jdbc.InternalDriver$1.run(Unknown Source)
	at org.apache.derby.jdbc.InternalDriver$1.run(Unknown Source)
	at java.security.AccessController.doPrivileged(Native Method)
	at org.apache.derby.jdbc.InternalDriver.getNewEmbedConnection(Unknown Source)
	at org.apache.derby.jdbc.InternalDriver$LoginCallable.call(Unknown Source)
	at org.apache.derby.jdbc.InternalDriver$LoginCallable.call(Unknown Source)
	at java.util.concurrent.FutureTask.run(FutureTask.java:266)
	at java.util.concurrent.ThreadPoolExecutor.runWorker(ThreadPoolExecutor.java:1149)
	at java.util.concurrent.ThreadPoolExecutor$Worker.run(ThreadPoolExecutor.java:624)
	at java.lang.Thread.run(Thread.java:748)
Cleanup action completed
Sat Oct 12 20:03:05 PDT 2019 Thread[Thread-179,5,main] Cleanup action starting
ERROR XBM0I: Directory memory:C:\Users\amzer\Desktop\forumApp\ForumServer\testdb cannot be removed.
	at org.apache.derby.iapi.error.StandardException.newException(Unknown Source)
	at org.apache.derby.iapi.error.StandardException.newException(Unknown Source)
	at org.apache.derby.impl.services.monitor.BaseMonitor.removePersistentService(Unknown Source)
	at org.apache.derby.impl.services.monitor.FileMonitor.removePersistentService(Unknown Source)
	at org.apache.derby.iapi.services.monitor.Monitor.removePersistentService(Unknown Source)
	at org.apache.derby.impl.jdbc.EmbedConnection$6.run(Unknown Source)
	at java.security.AccessController.doPrivileged(Native Method)
	at org.apache.derby.impl.jdbc.EmbedConnection.removePersistentService(Unknown Source)
	at org.apache.derby.impl.jdbc.EmbedConnection.<init>(Unknown Source)
	at org.apache.derby.jdbc.InternalDriver$1.run(Unknown Source)
	at org.apache.derby.jdbc.InternalDriver$1.run(Unknown Source)
	at java.security.AccessController.doPrivileged(Native Method)
	at org.apache.derby.jdbc.InternalDriver.getNewEmbedConnection(Unknown Source)
	at org.apache.derby.jdbc.InternalDriver$LoginCallable.call(Unknown Source)
	at org.apache.derby.jdbc.InternalDriver$LoginCallable.call(Unknown Source)
	at java.util.concurrent.FutureTask.run(FutureTask.java:266)
	at java.util.concurrent.ThreadPoolExecutor.runWorker(ThreadPoolExecutor.java:1149)
	at java.util.concurrent.ThreadPoolExecutor$Worker.run(ThreadPoolExecutor.java:624)
	at java.lang.Thread.run(Thread.java:748)
Cleanup action completed
Sat Oct 12 20:03:05 PDT 2019 Thread[Thread-179,5,main] Cleanup action starting
ERROR XBM0I: Directory memory:C:\Users\amzer\Desktop\forumApp\ForumServer\testdb cannot be removed.
	at org.apache.derby.iapi.error.StandardException.newException(Unknown Source)
	at org.apache.derby.iapi.error.StandardException.newException(Unknown Source)
	at org.apache.derby.impl.services.monitor.BaseMonitor.removePersistentService(Unknown Source)
	at org.apache.derby.impl.services.monitor.FileMonitor.removePersistentService(Unknown Source)
	at org.apache.derby.iapi.services.monitor.Monitor.removePersistentService(Unknown Source)
	at org.apache.derby.impl.jdbc.EmbedConnection$6.run(Unknown Source)
	at java.security.AccessController.doPrivileged(Native Method)
	at org.apache.derby.impl.jdbc.EmbedConnection.removePersistentService(Unknown Source)
	at org.apache.derby.impl.jdbc.EmbedConnection.<init>(Unknown Source)
	at org.apache.derby.jdbc.InternalDriver$1.run(Unknown Source)
	at org.apache.derby.jdbc.InternalDriver$1.run(Unknown Source)
	at java.security.AccessController.doPrivileged(Native Method)
	at org.apache.derby.jdbc.InternalDriver.getNewEmbedConnection(Unknown Source)
	at org.apache.derby.jdbc.InternalDriver$LoginCallable.call(Unknown Source)
	at org.apache.derby.jdbc.InternalDriver$LoginCallable.call(Unknown Source)
	at java.util.concurrent.FutureTask.run(FutureTask.java:266)
	at java.util.concurrent.ThreadPoolExecutor.runWorker(ThreadPoolExecutor.java:1149)
	at java.util.concurrent.ThreadPoolExecutor$Worker.run(ThreadPoolExecutor.java:624)
	at java.lang.Thread.run(Thread.java:748)
Cleanup action completed
----------------------------------------------------------------
Sat Oct 12 20:03:14 PDT 2019:
Booting Derby version The Apache Software Foundation - Apache Derby - 10.14.2.0 - (1828579): instance 0547c666-016d-c30e-ad89-00000e6d8388 
on database directory memory:C:\Users\amzer\Desktop\forumApp\ForumServer\testdb with class loader sun.misc.Launcher$AppClassLoader@764c12b6 
Loaded from file:/C:/Users/amzer/.m2/repository/org/apache/derby/derby/10.14.2.0/derby-10.14.2.0.jar
java.vendor=Oracle Corporation
java.runtime.version=1.8.0_201-b09
user.dir=c:\Users\amzer\Desktop\forumApp\ForumServer
os.name=Windows 10
os.arch=amd64
os.version=10.0
derby.system.home=null
Database Class Loader started - derby.database.classpath=''
----------------------------------------------------------------
Sat Oct 12 20:03:36 PDT 2019:
Shutting down instance 0547c666-016d-c30e-ad89-00000e6d8388 on database directory memory:C:\Users\amzer\Desktop\forumApp\ForumServer\testdb with class loader sun.misc.Launcher$AppClassLoader@764c12b6 
----------------------------------------------------------------
Sat Oct 12 20:03:38 PDT 2019:
Booting Derby version The Apache Software Foundation - Apache Derby - 10.14.2.0 - (1828579): instance 01650718-016d-c30e-ad89-00000e6d8388 
on database directory memory:C:\Users\amzer\Desktop\forumApp\ForumServer\testdb with class loader sun.misc.Launcher$AppClassLoader@764c12b6 
Loaded from file:/C:/Users/amzer/.m2/repository/org/apache/derby/derby/10.14.2.0/derby-10.14.2.0.jar
java.vendor=Oracle Corporation
java.runtime.version=1.8.0_201-b09
user.dir=c:\Users\amzer\Desktop\forumApp\ForumServer
os.name=Windows 10
os.arch=amd64
os.version=10.0
derby.system.home=null
Database Class Loader started - derby.database.classpath=''
----------------------------------------------------------------
Sat Oct 12 20:03:40 PDT 2019:
Shutting down instance 01650718-016d-c30e-ad89-00000e6d8388 on database directory memory:C:\Users\amzer\Desktop\forumApp\ForumServer\testdb with class loader sun.misc.Launcher$AppClassLoader@764c12b6 
----------------------------------------------------------------
Sat Oct 12 20:03:42 PDT 2019:
Booting Derby version The Apache Software Foundation - Apache Derby - 10.14.2.0 - (1828579): instance dc7347ca-016d-c30e-ad89-00000e6d8388 
on database directory memory:C:\Users\amzer\Desktop\forumApp\ForumServer\testdb with class loader sun.misc.Launcher$AppClassLoader@764c12b6 
Loaded from file:/C:/Users/amzer/.m2/repository/org/apache/derby/derby/10.14.2.0/derby-10.14.2.0.jar
java.vendor=Oracle Corporation
java.runtime.version=1.8.0_201-b09
user.dir=c:\Users\amzer\Desktop\forumApp\ForumServer
os.name=Windows 10
os.arch=amd64
os.version=10.0
derby.system.home=null
Database Class Loader started - derby.database.classpath=''
----------------------------------------------------------------
Sat Oct 12 20:03:56 PDT 2019:
Shutting down instance dc7347ca-016d-c30e-ad89-00000e6d8388 on database directory memory:C:\Users\amzer\Desktop\forumApp\ForumServer\testdb with class loader sun.misc.Launcher$AppClassLoader@764c12b6 
----------------------------------------------------------------
Sat Oct 12 20:03:57 PDT 2019:
Booting Derby version The Apache Software Foundation - Apache Derby - 10.14.2.0 - (1828579): instance 1672887c-016d-c30e-ad89-00000e6d8388 
on database directory memory:C:\Users\amzer\Desktop\forumApp\ForumServer\testdb with class loader sun.misc.Launcher$AppClassLoader@764c12b6 
Loaded from file:/C:/Users/amzer/.m2/repository/org/apache/derby/derby/10.14.2.0/derby-10.14.2.0.jar
java.vendor=Oracle Corporation
java.runtime.version=1.8.0_201-b09
user.dir=c:\Users\amzer\Desktop\forumApp\ForumServer
os.name=Windows 10
os.arch=amd64
os.version=10.0
derby.system.home=null
Database Class Loader started - derby.database.classpath=''
----------------------------------------------------------------
Sat Oct 12 20:04:00 PDT 2019:
Shutting down instance 1672887c-016d-c30e-ad89-00000e6d8388 on database directory memory:C:\Users\amzer\Desktop\forumApp\ForumServer\testdb with class loader sun.misc.Launcher$AppClassLoader@764c12b6 
----------------------------------------------------------------
Sat Oct 12 20:04:02 PDT 2019:
Booting Derby version The Apache Software Foundation - Apache Derby - 10.14.2.0 - (1828579): instance 2f62c92e-016d-c30e-ad89-00000e6d8388 
on database directory memory:C:\Users\amzer\Desktop\forumApp\ForumServer\testdb with class loader sun.misc.Launcher$AppClassLoader@764c12b6 
Loaded from file:/C:/Users/amzer/.m2/repository/org/apache/derby/derby/10.14.2.0/derby-10.14.2.0.jar
java.vendor=Oracle Corporation
java.runtime.version=1.8.0_201-b09
user.dir=c:\Users\amzer\Desktop\forumApp\ForumServer
os.name=Windows 10
os.arch=amd64
os.version=10.0
derby.system.home=null
Database Class Loader started - derby.database.classpath=''
----------------------------------------------------------------
Sat Oct 12 20:04:07 PDT 2019:
Shutting down instance 2f62c92e-016d-c30e-ad89-00000e6d8388 on database directory memory:C:\Users\amzer\Desktop\forumApp\ForumServer\testdb with class loader sun.misc.Launcher$AppClassLoader@764c12b6 
----------------------------------------------------------------
Sat Oct 12 20:04:08 PDT 2019:
Booting Derby version The Apache Software Foundation - Apache Derby - 10.14.2.0 - (1828579): instance a74409e0-016d-c30e-ad89-00000e6d8388 
on database directory memory:C:\Users\amzer\Desktop\forumApp\ForumServer\testdb with class loader sun.misc.Launcher$AppClassLoader@764c12b6 
Loaded from file:/C:/Users/amzer/.m2/repository/org/apache/derby/derby/10.14.2.0/derby-10.14.2.0.jar
java.vendor=Oracle Corporation
java.runtime.version=1.8.0_201-b09
user.dir=c:\Users\amzer\Desktop\forumApp\ForumServer
os.name=Windows 10
os.arch=amd64
os.version=10.0
derby.system.home=null
Database Class Loader started - derby.database.classpath=''
----------------------------------------------------------------
Sat Oct 12 20:04:14 PDT 2019:
Shutting down instance a74409e0-016d-c30e-ad89-00000e6d8388 on database directory memory:C:\Users\amzer\Desktop\forumApp\ForumServer\testdb with class loader sun.misc.Launcher$AppClassLoader@764c12b6 
----------------------------------------------------------------
Sat Oct 12 20:04:15 PDT 2019:
Booting Derby version The Apache Software Foundation - Apache Derby - 10.14.2.0 - (1828579): instance fe164a92-016d-c30e-ad89-00000e6d8388 
on database directory memory:C:\Users\amzer\Desktop\forumApp\ForumServer\testdb with class loader sun.misc.Launcher$AppClassLoader@764c12b6 
Loaded from file:/C:/Users/amzer/.m2/repository/org/apache/derby/derby/10.14.2.0/derby-10.14.2.0.jar
java.vendor=Oracle Corporation
java.runtime.version=1.8.0_201-b09
user.dir=c:\Users\amzer\Desktop\forumApp\ForumServer
os.name=Windows 10
os.arch=amd64
os.version=10.0
derby.system.home=null
Database Class Loader started - derby.database.classpath=''
----------------------------------------------------------------
Sat Oct 12 20:04:18 PDT 2019:
Shutting down instance fe164a92-016d-c30e-ad89-00000e6d8388 on database directory memory:C:\Users\amzer\Desktop\forumApp\ForumServer\testdb with class loader sun.misc.Launcher$AppClassLoader@764c12b6 
----------------------------------------------------------------
Sat Oct 12 20:04:19 PDT 2019:
Booting Derby version The Apache Software Foundation - Apache Derby - 10.14.2.0 - (1828579): instance b3d98b44-016d-c30e-ad89-00000e6d8388 
on database directory memory:C:\Users\amzer\Desktop\forumApp\ForumServer\testdb with class loader sun.misc.Launcher$AppClassLoader@764c12b6 
Loaded from file:/C:/Users/amzer/.m2/repository/org/apache/derby/derby/10.14.2.0/derby-10.14.2.0.jar
java.vendor=Oracle Corporation
java.runtime.version=1.8.0_201-b09
user.dir=c:\Users\amzer\Desktop\forumApp\ForumServer
os.name=Windows 10
os.arch=amd64
os.version=10.0
derby.system.home=null
Database Class Loader started - derby.database.classpath=''
----------------------------------------------------------------
Sat Oct 12 20:05:03 PDT 2019:
Shutting down instance b3d98b44-016d-c30e-ad89-00000e6d8388 on database directory memory:C:\Users\amzer\Desktop\forumApp\ForumServer\testdb with class loader sun.misc.Launcher$AppClassLoader@764c12b6 
----------------------------------------------------------------
Sat Oct 12 20:05:05 PDT 2019:
Booting Derby version The Apache Software Foundation - Apache Derby - 10.14.2.0 - (1828579): instance 488dcbf6-016d-c30e-ad89-00000e6d8388 
on database directory memory:C:\Users\amzer\Desktop\forumApp\ForumServer\testdb with class loader sun.misc.Launcher$AppClassLoader@764c12b6 
Loaded from file:/C:/Users/amzer/.m2/repository/org/apache/derby/derby/10.14.2.0/derby-10.14.2.0.jar
java.vendor=Oracle Corporation
java.runtime.version=1.8.0_201-b09
user.dir=c:\Users\amzer\Desktop\forumApp\ForumServer
os.name=Windows 10
os.arch=amd64
os.version=10.0
derby.system.home=null
Database Class Loader started - derby.database.classpath=''
----------------------------------------------------------------
Sat Oct 12 20:05:05 PDT 2019:
Shutting down instance 488dcbf6-016d-c30e-ad89-00000e6d8388 on database directory memory:C:\Users\amzer\Desktop\forumApp\ForumServer\testdb with class loader sun.misc.Launcher$AppClassLoader@764c12b6 
----------------------------------------------------------------
Sat Oct 12 20:05:05 PDT 2019:
Booting Derby version The Apache Software Foundation - Apache Derby - 10.14.2.0 - (1828579): instance 3c330ca8-016d-c30e-ad89-00000e6d8388 
on database directory memory:C:\Users\amzer\Desktop\forumApp\ForumServer\testdb with class loader sun.misc.Launcher$AppClassLoader@764c12b6 
Loaded from file:/C:/Users/amzer/.m2/repository/org/apache/derby/derby/10.14.2.0/derby-10.14.2.0.jar
java.vendor=Oracle Corporation
java.runtime.version=1.8.0_201-b09
user.dir=c:\Users\amzer\Desktop\forumApp\ForumServer
os.name=Windows 10
os.arch=amd64
os.version=10.0
derby.system.home=null
Database Class Loader started - derby.database.classpath=''
New exception raised during cleanup null
java.lang.ArrayIndexOutOfBoundsException
Cleanup action completed
New exception raised during cleanup null
java.lang.NullPointerException
	at org.apache.derby.impl.io.vfmem.BlockedByteArray.increaseCapacity(Unknown Source)
	at org.apache.derby.impl.io.vfmem.BlockedByteArray.writeBytes(Unknown Source)
	at org.apache.derby.impl.io.vfmem.BlockedByteArrayOutputStream.write(Unknown Source)
	at java.io.DataOutputStream.write(DataOutputStream.java:107)
	at org.apache.derby.impl.io.vfmem.VirtualRandomAccessFile.write(Unknown Source)
	at org.apache.derby.impl.store.raw.log.LogAccessFile.writeToLog(Unknown Source)
	at org.apache.derby.impl.store.raw.log.LogAccessFile.flushDirtyBuffers(Unknown Source)
	at org.apache.derby.impl.store.raw.log.LogToFile.flush(Unknown Source)
	at org.apache.derby.impl.store.raw.log.LogToFile.flush(Unknown Source)
	at org.apache.derby.impl.store.raw.log.LogToFile.checkpointWithTran(Unknown Source)
	at org.apache.derby.impl.store.raw.log.LogToFile.checkpoint(Unknown Source)
	at org.apache.derby.impl.store.raw.RawStore.stop(Unknown Source)
	at org.apache.derby.impl.services.monitor.TopService.stop(Unknown Source)
	at org.apache.derby.impl.services.monitor.TopService.shutdown(Unknown Source)
	at org.apache.derby.impl.services.monitor.BaseMonitor.shutdown(Unknown Source)
	at org.apache.derby.impl.services.monitor.FileMonitor.shutdown(Unknown Source)
	at org.apache.derby.impl.db.DatabaseContextImpl.cleanupOnError(Unknown Source)
	at org.apache.derby.iapi.services.context.ContextManager.cleanupOnError(Unknown Source)
	at org.apache.derby.impl.jdbc.TransactionResourceImpl.cleanupOnError(Unknown Source)
	at org.apache.derby.impl.jdbc.TransactionResourceImpl.handleException(Unknown Source)
	at org.apache.derby.impl.jdbc.EmbedConnection.handleException(Unknown Source)
	at org.apache.derby.impl.jdbc.EmbedConnection.<init>(Unknown Source)
	at org.apache.derby.jdbc.InternalDriver$1.run(Unknown Source)
	at org.apache.derby.jdbc.InternalDriver$1.run(Unknown Source)
	at java.security.AccessController.doPrivileged(Native Method)
	at org.apache.derby.jdbc.InternalDriver.getNewEmbedConnection(Unknown Source)
	at org.apache.derby.jdbc.InternalDriver$LoginCallable.call(Unknown Source)
	at org.apache.derby.jdbc.InternalDriver$LoginCallable.call(Unknown Source)
	at java.util.concurrent.FutureTask.run(FutureTask.java:266)
	at java.util.concurrent.ThreadPoolExecutor.runWorker(ThreadPoolExecutor.java:1149)
	at java.util.concurrent.ThreadPoolExecutor$Worker.run(ThreadPoolExecutor.java:624)
	at java.lang.Thread.run(Thread.java:748)
Cleanup action completed
Sat Oct 12 20:05:21 PDT 2019 Thread[Thread-348,5,main] Cleanup action starting
ERROR XBM0I: Directory memory:C:\Users\amzer\Desktop\forumApp\ForumServer\testdb cannot be removed.
	at org.apache.derby.iapi.error.StandardException.newException(Unknown Source)
	at org.apache.derby.iapi.error.StandardException.newException(Unknown Source)
	at org.apache.derby.impl.services.monitor.BaseMonitor.removePersistentService(Unknown Source)
	at org.apache.derby.impl.services.monitor.FileMonitor.removePersistentService(Unknown Source)
	at org.apache.derby.iapi.services.monitor.Monitor.removePersistentService(Unknown Source)
	at org.apache.derby.impl.jdbc.EmbedConnection$6.run(Unknown Source)
	at java.security.AccessController.doPrivileged(Native Method)
	at org.apache.derby.impl.jdbc.EmbedConnection.removePersistentService(Unknown Source)
	at org.apache.derby.impl.jdbc.EmbedConnection.<init>(Unknown Source)
	at org.apache.derby.jdbc.InternalDriver$1.run(Unknown Source)
	at org.apache.derby.jdbc.InternalDriver$1.run(Unknown Source)
	at java.security.AccessController.doPrivileged(Native Method)
	at org.apache.derby.jdbc.InternalDriver.getNewEmbedConnection(Unknown Source)
	at org.apache.derby.jdbc.InternalDriver$LoginCallable.call(Unknown Source)
	at org.apache.derby.jdbc.InternalDriver$LoginCallable.call(Unknown Source)
	at java.util.concurrent.FutureTask.run(FutureTask.java:266)
	at java.util.concurrent.ThreadPoolExecutor.runWorker(ThreadPoolExecutor.java:1149)
	at java.util.concurrent.ThreadPoolExecutor$Worker.run(ThreadPoolExecutor.java:624)
	at java.lang.Thread.run(Thread.java:748)
Cleanup action completed
Sat Oct 12 20:05:21 PDT 2019 Thread[Thread-348,5,main] Cleanup action starting
ERROR XBM0I: Directory memory:C:\Users\amzer\Desktop\forumApp\ForumServer\testdb cannot be removed.
	at org.apache.derby.iapi.error.StandardException.newException(Unknown Source)
	at org.apache.derby.iapi.error.StandardException.newException(Unknown Source)
	at org.apache.derby.impl.services.monitor.BaseMonitor.removePersistentService(Unknown Source)
	at org.apache.derby.impl.services.monitor.FileMonitor.removePersistentService(Unknown Source)
	at org.apache.derby.iapi.services.monitor.Monitor.removePersistentService(Unknown Source)
	at org.apache.derby.impl.jdbc.EmbedConnection$6.run(Unknown Source)
	at java.security.AccessController.doPrivileged(Native Method)
	at org.apache.derby.impl.jdbc.EmbedConnection.removePersistentService(Unknown Source)
	at org.apache.derby.impl.jdbc.EmbedConnection.<init>(Unknown Source)
	at org.apache.derby.jdbc.InternalDriver$1.run(Unknown Source)
	at org.apache.derby.jdbc.InternalDriver$1.run(Unknown Source)
	at java.security.AccessController.doPrivileged(Native Method)
	at org.apache.derby.jdbc.InternalDriver.getNewEmbedConnection(Unknown Source)
	at org.apache.derby.jdbc.InternalDriver$LoginCallable.call(Unknown Source)
	at org.apache.derby.jdbc.InternalDriver$LoginCallable.call(Unknown Source)
	at java.util.concurrent.FutureTask.run(FutureTask.java:266)
	at java.util.concurrent.ThreadPoolExecutor.runWorker(ThreadPoolExecutor.java:1149)
	at java.util.concurrent.ThreadPoolExecutor$Worker.run(ThreadPoolExecutor.java:624)
	at java.lang.Thread.run(Thread.java:748)
Cleanup action completed
----------------------------------------------------------------
Sat Oct 12 20:05:22 PDT 2019:
Booting Derby version The Apache Software Foundation - Apache Derby - 10.14.2.0 - (1828579): instance c70eccb3-016d-c30e-ad89-00000e6d8388 
on database directory memory:C:\Users\amzer\Desktop\forumApp\ForumServer\testdb with class loader sun.misc.Launcher$AppClassLoader@764c12b6 
Loaded from file:/C:/Users/amzer/.m2/repository/org/apache/derby/derby/10.14.2.0/derby-10.14.2.0.jar
java.vendor=Oracle Corporation
java.runtime.version=1.8.0_201-b09
user.dir=c:\Users\amzer\Desktop\forumApp\ForumServer
os.name=Windows 10
os.arch=amd64
os.version=10.0
derby.system.home=null
Database Class Loader started - derby.database.classpath=''
----------------------------------------------------------------
Sat Oct 12 20:05:33 PDT 2019:
Shutting down instance c70eccb3-016d-c30e-ad89-00000e6d8388 on database directory memory:C:\Users\amzer\Desktop\forumApp\ForumServer\testdb with class loader sun.misc.Launcher$AppClassLoader@764c12b6 
----------------------------------------------------------------
Sat Oct 12 20:05:34 PDT 2019:
Booting Derby version The Apache Software Foundation - Apache Derby - 10.14.2.0 - (1828579): instance ab8e8d65-016d-c30e-ad89-00000e6d8388 
on database directory memory:C:\Users\amzer\Desktop\forumApp\ForumServer\testdb with class loader sun.misc.Launcher$AppClassLoader@764c12b6 
Loaded from file:/C:/Users/amzer/.m2/repository/org/apache/derby/derby/10.14.2.0/derby-10.14.2.0.jar
java.vendor=Oracle Corporation
java.runtime.version=1.8.0_201-b09
user.dir=c:\Users\amzer\Desktop\forumApp\ForumServer
os.name=Windows 10
os.arch=amd64
os.version=10.0
derby.system.home=null
Database Class Loader started - derby.database.classpath=''
----------------------------------------------------------------
Sat Oct 12 20:05:45 PDT 2019:
Shutting down instance ab8e8d65-016d-c30e-ad89-00000e6d8388 on database directory memory:C:\Users\amzer\Desktop\forumApp\ForumServer\testdb with class loader sun.misc.Launcher$AppClassLoader@764c12b6 
----------------------------------------------------------------
Sat Oct 12 20:05:46 PDT 2019:
Booting Derby version The Apache Software Foundation - Apache Derby - 10.14.2.0 - (1828579): instance aeff4e17-016d-c30e-ad89-00000e6d8388 
on database directory memory:C:\Users\amzer\Desktop\forumApp\ForumServer\testdb with class loader sun.misc.Launcher$AppClassLoader@764c12b6 
Loaded from file:/C:/Users/amzer/.m2/repository/org/apache/derby/derby/10.14.2.0/derby-10.14.2.0.jar
java.vendor=Oracle Corporation
java.runtime.version=1.8.0_201-b09
user.dir=c:\Users\amzer\Desktop\forumApp\ForumServer
os.name=Windows 10
os.arch=amd64
os.version=10.0
derby.system.home=null
Database Class Loader started - derby.database.classpath=''
----------------------------------------------------------------
Sat Oct 12 20:06:09 PDT 2019:
Shutting down instance aeff4e17-016d-c30e-ad89-00000e6d8388 on database directory memory:C:\Users\amzer\Desktop\forumApp\ForumServer\testdb with class loader sun.misc.Launcher$AppClassLoader@764c12b6 
----------------------------------------------------------------
Sat Oct 12 20:06:10 PDT 2019:
Booting Derby version The Apache Software Foundation - Apache Derby - 10.14.2.0 - (1828579): instance 51610ec9-016d-c30e-ad89-00000e6d8388 
on database directory memory:C:\Users\amzer\Desktop\forumApp\ForumServer\testdb with class loader sun.misc.Launcher$AppClassLoader@764c12b6 
Loaded from file:/C:/Users/amzer/.m2/repository/org/apache/derby/derby/10.14.2.0/derby-10.14.2.0.jar
java.vendor=Oracle Corporation
java.runtime.version=1.8.0_201-b09
user.dir=c:\Users\amzer\Desktop\forumApp\ForumServer
os.name=Windows 10
os.arch=amd64
os.version=10.0
derby.system.home=null
Database Class Loader started - derby.database.classpath=''
----------------------------------------------------------------
Sat Oct 12 20:14:06 PDT 2019:
Shutting down instance 51610ec9-016d-c30e-ad89-00000e6d8388 on database directory memory:C:\Users\amzer\Desktop\forumApp\ForumServer\testdb with class loader sun.misc.Launcher$AppClassLoader@764c12b6 
